<?xml version="1.0" encoding="UTF-8"?>
<testsuite xmlns:xsi="http://www.w3.org/2001/XMLSchema-instance" xsi:noNamespaceSchemaLocation="https://maven.apache.org/surefire/maven-surefire-plugin/xsd/surefire-test-report.xsd" name="hbase.AppTest" time="0.078" tests="1" errors="0" skipped="0" failures="0">
  <properties>
    <property name="java.specification.version" value="18"/>
    <property name="sun.jnu.encoding" value="UTF-8"/>
    <property name="java.class.path" value="/home/user0/Documents/CNAM_hbase/hbase/target/test-classes:/home/user0/Documents/CNAM_hbase/hbase/target/classes:/home/user0/.m2/repository/org/apache/hbase/hbase-client/2.4.14/hbase-client-2.4.14.jar:/home/user0/.m2/repository/org/apache/hbase/thirdparty/hbase-shaded-protobuf/4.1.1/hbase-shaded-protobuf-4.1.1.jar:/home/user0/.m2/repository/org/apache/hbase/hbase-common/2.4.14/hbase-common-2.4.14.jar:/home/user0/.m2/repository/org/apache/hbase/hbase-logging/2.4.14/hbase-logging-2.4.14.jar:/home/user0/.m2/repository/org/apache/hbase/thirdparty/hbase-shaded-gson/4.1.1/hbase-shaded-gson-4.1.1.jar:/home/user0/.m2/repository/org/apache/hbase/thirdparty/hbase-unsafe/4.1.1/hbase-unsafe-4.1.1.jar:/home/user0/.m2/repository/org/apache/hbase/hbase-hadoop-compat/2.4.14/hbase-hadoop-compat-2.4.14.jar:/home/user0/.m2/repository/org/apache/hbase/hbase-metrics-api/2.4.14/hbase-metrics-api-2.4.14.jar:/home/user0/.m2/repository/org/apache/hbase/hbase-hadoop2-compat/2.4.14/hbase-hadoop2-compat-2.4.14.jar:/home/user0/.m2/repository/org/apache/hbase/hbase-metrics/2.4.14/hbase-metrics-2.4.14.jar:/home/user0/.m2/repository/javax/activation/javax.activation-api/1.2.0/javax.activation-api-1.2.0.jar:/home/user0/.m2/repository/org/apache/hbase/hbase-protocol-shaded/2.4.14/hbase-protocol-shaded-2.4.14.jar:/home/user0/.m2/repository/org/apache/hbase/hbase-protocol/2.4.14/hbase-protocol-2.4.14.jar:/home/user0/.m2/repository/javax/annotation/javax.annotation-api/1.2/javax.annotation-api-1.2.jar:/home/user0/.m2/repository/commons-codec/commons-codec/1.13/commons-codec-1.13.jar:/home/user0/.m2/repository/commons-io/commons-io/2.11.0/commons-io-2.11.0.jar:/home/user0/.m2/repository/org/apache/commons/commons-lang3/3.9/commons-lang3-3.9.jar:/home/user0/.m2/repository/org/slf4j/slf4j-api/1.7.33/slf4j-api-1.7.33.jar:/home/user0/.m2/repository/org/apache/hbase/thirdparty/hbase-shaded-miscellaneous/4.1.1/hbase-shaded-miscellaneous-4.1.1.jar:/home/user0/.m2/repository/com/google/errorprone/error_prone_annotations/2.14.0/error_prone_annotations-2.14.0.jar:/home/user0/.m2/repository/com/google/protobuf/protobuf-java/2.5.0/protobuf-java-2.5.0.jar:/home/user0/.m2/repository/org/apache/hbase/thirdparty/hbase-shaded-netty/4.1.1/hbase-shaded-netty-4.1.1.jar:/home/user0/.m2/repository/org/apache/zookeeper/zookeeper/3.5.7/zookeeper-3.5.7.jar:/home/user0/.m2/repository/org/apache/zookeeper/zookeeper-jute/3.5.7/zookeeper-jute-3.5.7.jar:/home/user0/.m2/repository/io/netty/netty-handler/4.1.45.Final/netty-handler-4.1.45.Final.jar:/home/user0/.m2/repository/io/netty/netty-common/4.1.45.Final/netty-common-4.1.45.Final.jar:/home/user0/.m2/repository/io/netty/netty-buffer/4.1.45.Final/netty-buffer-4.1.45.Final.jar:/home/user0/.m2/repository/io/netty/netty-transport/4.1.45.Final/netty-transport-4.1.45.Final.jar:/home/user0/.m2/repository/io/netty/netty-resolver/4.1.45.Final/netty-resolver-4.1.45.Final.jar:/home/user0/.m2/repository/io/netty/netty-codec/4.1.45.Final/netty-codec-4.1.45.Final.jar:/home/user0/.m2/repository/io/netty/netty-transport-native-epoll/4.1.45.Final/netty-transport-native-epoll-4.1.45.Final.jar:/home/user0/.m2/repository/io/netty/netty-transport-native-unix-common/4.1.45.Final/netty-transport-native-unix-common-4.1.45.Final.jar:/home/user0/.m2/repository/org/apache/htrace/htrace-core4/4.2.0-incubating/htrace-core4-4.2.0-incubating.jar:/home/user0/.m2/repository/org/jruby/jcodings/jcodings/1.0.55/jcodings-1.0.55.jar:/home/user0/.m2/repository/org/jruby/joni/joni/2.1.31/joni-2.1.31.jar:/home/user0/.m2/repository/io/dropwizard/metrics/metrics-core/3.2.6/metrics-core-3.2.6.jar:/home/user0/.m2/repository/org/apache/commons/commons-crypto/1.0.0/commons-crypto-1.0.0.jar:/home/user0/.m2/repository/org/apache/hadoop/hadoop-auth/2.10.0/hadoop-auth-2.10.0.jar:/home/user0/.m2/repository/org/apache/httpcomponents/httpclient/4.5.2/httpclient-4.5.2.jar:/home/user0/.m2/repository/org/apache/httpcomponents/httpcore/4.4.4/httpcore-4.4.4.jar:/home/user0/.m2/repository/com/nimbusds/nimbus-jose-jwt/4.41.1/nimbus-jose-jwt-4.41.1.jar:/home/user0/.m2/repository/com/github/stephenc/jcip/jcip-annotations/1.0-1/jcip-annotations-1.0-1.jar:/home/user0/.m2/repository/org/apache/directory/server/apacheds-kerberos-codec/2.0.0-M15/apacheds-kerberos-codec-2.0.0-M15.jar:/home/user0/.m2/repository/org/apache/directory/server/apacheds-i18n/2.0.0-M15/apacheds-i18n-2.0.0-M15.jar:/home/user0/.m2/repository/org/apache/directory/api/api-asn1-api/1.0.0-M20/api-asn1-api-1.0.0-M20.jar:/home/user0/.m2/repository/org/apache/directory/api/api-util/1.0.0-M20/api-util-1.0.0-M20.jar:/home/user0/.m2/repository/org/apache/curator/curator-framework/2.7.1/curator-framework-2.7.1.jar:/home/user0/.m2/repository/org/apache/hadoop/hadoop-common/2.10.0/hadoop-common-2.10.0.jar:/home/user0/.m2/repository/org/apache/hadoop/hadoop-annotations/2.10.0/hadoop-annotations-2.10.0.jar:/home/user0/.m2/repository/com/google/guava/guava/11.0.2/guava-11.0.2.jar:/home/user0/.m2/repository/commons-cli/commons-cli/1.2/commons-cli-1.2.jar:/home/user0/.m2/repository/org/apache/commons/commons-math3/3.1.1/commons-math3-3.1.1.jar:/home/user0/.m2/repository/xmlenc/xmlenc/0.52/xmlenc-0.52.jar:/home/user0/.m2/repository/commons-net/commons-net/3.1/commons-net-3.1.jar:/home/user0/.m2/repository/commons-collections/commons-collections/3.2.2/commons-collections-3.2.2.jar:/home/user0/.m2/repository/org/mortbay/jetty/jetty-sslengine/6.1.26/jetty-sslengine-6.1.26.jar:/home/user0/.m2/repository/commons-logging/commons-logging/1.1.3/commons-logging-1.1.3.jar:/home/user0/.m2/repository/log4j/log4j/1.2.17/log4j-1.2.17.jar:/home/user0/.m2/repository/commons-lang/commons-lang/2.6/commons-lang-2.6.jar:/home/user0/.m2/repository/commons-configuration/commons-configuration/1.6/commons-configuration-1.6.jar:/home/user0/.m2/repository/commons-digester/commons-digester/1.8/commons-digester-1.8.jar:/home/user0/.m2/repository/commons-beanutils/commons-beanutils/1.9.4/commons-beanutils-1.9.4.jar:/home/user0/.m2/repository/org/slf4j/slf4j-log4j12/1.7.25/slf4j-log4j12-1.7.25.jar:/home/user0/.m2/repository/org/codehaus/jackson/jackson-core-asl/1.9.13/jackson-core-asl-1.9.13.jar:/home/user0/.m2/repository/org/codehaus/jackson/jackson-mapper-asl/1.9.13/jackson-mapper-asl-1.9.13.jar:/home/user0/.m2/repository/org/apache/avro/avro/1.7.7/avro-1.7.7.jar:/home/user0/.m2/repository/com/thoughtworks/paranamer/paranamer/2.3/paranamer-2.3.jar:/home/user0/.m2/repository/org/xerial/snappy/snappy-java/1.0.5/snappy-java-1.0.5.jar:/home/user0/.m2/repository/com/google/code/gson/gson/2.2.4/gson-2.2.4.jar:/home/user0/.m2/repository/com/jcraft/jsch/0.1.54/jsch-0.1.54.jar:/home/user0/.m2/repository/org/apache/curator/curator-client/2.7.1/curator-client-2.7.1.jar:/home/user0/.m2/repository/org/apache/curator/curator-recipes/2.7.1/curator-recipes-2.7.1.jar:/home/user0/.m2/repository/com/google/code/findbugs/jsr305/3.0.0/jsr305-3.0.0.jar:/home/user0/.m2/repository/org/apache/commons/commons-compress/1.19/commons-compress-1.19.jar:/home/user0/.m2/repository/org/codehaus/woodstox/stax2-api/3.1.4/stax2-api-3.1.4.jar:/home/user0/.m2/repository/com/fasterxml/woodstox/woodstox-core/5.0.3/woodstox-core-5.0.3.jar:/home/user0/.m2/repository/org/apache/yetus/audience-annotations/0.5.0/audience-annotations-0.5.0.jar:/home/user0/.m2/repository/junit/junit/4.11/junit-4.11.jar:/home/user0/.m2/repository/org/hamcrest/hamcrest-core/1.3/hamcrest-core-1.3.jar:"/>
    <property name="java.vm.vendor" value="Oracle Corporation"/>
    <property name="sun.arch.data.model" value="64"/>
    <property name="java.vendor.url" value="https://java.oracle.com/"/>
    <property name="os.name" value="Linux"/>
    <property name="java.vm.specification.version" value="18"/>
    <property name="sun.java.launcher" value="SUN_STANDARD"/>
    <property name="sun.boot.library.path" value="/usr/local/java/jdk-18.0.2.1/lib"/>
    <property name="sun.java.command" value="/home/user0/Documents/CNAM_hbase/hbase/target/surefire/surefirebooter5694206474465791844.jar /home/user0/Documents/CNAM_hbase/hbase/target/surefire 2022-09-12T07-45-26_121-jvmRun1 surefire15344185784663149676tmp surefire_03926156234709535322tmp"/>
    <property name="jdk.debug" value="release"/>
    <property name="surefire.test.class.path" value="/home/user0/Documents/CNAM_hbase/hbase/target/test-classes:/home/user0/Documents/CNAM_hbase/hbase/target/classes:/home/user0/.m2/repository/org/apache/hbase/hbase-client/2.4.14/hbase-client-2.4.14.jar:/home/user0/.m2/repository/org/apache/hbase/thirdparty/hbase-shaded-protobuf/4.1.1/hbase-shaded-protobuf-4.1.1.jar:/home/user0/.m2/repository/org/apache/hbase/hbase-common/2.4.14/hbase-common-2.4.14.jar:/home/user0/.m2/repository/org/apache/hbase/hbase-logging/2.4.14/hbase-logging-2.4.14.jar:/home/user0/.m2/repository/org/apache/hbase/thirdparty/hbase-shaded-gson/4.1.1/hbase-shaded-gson-4.1.1.jar:/home/user0/.m2/repository/org/apache/hbase/thirdparty/hbase-unsafe/4.1.1/hbase-unsafe-4.1.1.jar:/home/user0/.m2/repository/org/apache/hbase/hbase-hadoop-compat/2.4.14/hbase-hadoop-compat-2.4.14.jar:/home/user0/.m2/repository/org/apache/hbase/hbase-metrics-api/2.4.14/hbase-metrics-api-2.4.14.jar:/home/user0/.m2/repository/org/apache/hbase/hbase-hadoop2-compat/2.4.14/hbase-hadoop2-compat-2.4.14.jar:/home/user0/.m2/repository/org/apache/hbase/hbase-metrics/2.4.14/hbase-metrics-2.4.14.jar:/home/user0/.m2/repository/javax/activation/javax.activation-api/1.2.0/javax.activation-api-1.2.0.jar:/home/user0/.m2/repository/org/apache/hbase/hbase-protocol-shaded/2.4.14/hbase-protocol-shaded-2.4.14.jar:/home/user0/.m2/repository/org/apache/hbase/hbase-protocol/2.4.14/hbase-protocol-2.4.14.jar:/home/user0/.m2/repository/javax/annotation/javax.annotation-api/1.2/javax.annotation-api-1.2.jar:/home/user0/.m2/repository/commons-codec/commons-codec/1.13/commons-codec-1.13.jar:/home/user0/.m2/repository/commons-io/commons-io/2.11.0/commons-io-2.11.0.jar:/home/user0/.m2/repository/org/apache/commons/commons-lang3/3.9/commons-lang3-3.9.jar:/home/user0/.m2/repository/org/slf4j/slf4j-api/1.7.33/slf4j-api-1.7.33.jar:/home/user0/.m2/repository/org/apache/hbase/thirdparty/hbase-shaded-miscellaneous/4.1.1/hbase-shaded-miscellaneous-4.1.1.jar:/home/user0/.m2/repository/com/google/errorprone/error_prone_annotations/2.14.0/error_prone_annotations-2.14.0.jar:/home/user0/.m2/repository/com/google/protobuf/protobuf-java/2.5.0/protobuf-java-2.5.0.jar:/home/user0/.m2/repository/org/apache/hbase/thirdparty/hbase-shaded-netty/4.1.1/hbase-shaded-netty-4.1.1.jar:/home/user0/.m2/repository/org/apache/zookeeper/zookeeper/3.5.7/zookeeper-3.5.7.jar:/home/user0/.m2/repository/org/apache/zookeeper/zookeeper-jute/3.5.7/zookeeper-jute-3.5.7.jar:/home/user0/.m2/repository/io/netty/netty-handler/4.1.45.Final/netty-handler-4.1.45.Final.jar:/home/user0/.m2/repository/io/netty/netty-common/4.1.45.Final/netty-common-4.1.45.Final.jar:/home/user0/.m2/repository/io/netty/netty-buffer/4.1.45.Final/netty-buffer-4.1.45.Final.jar:/home/user0/.m2/repository/io/netty/netty-transport/4.1.45.Final/netty-transport-4.1.45.Final.jar:/home/user0/.m2/repository/io/netty/netty-resolver/4.1.45.Final/netty-resolver-4.1.45.Final.jar:/home/user0/.m2/repository/io/netty/netty-codec/4.1.45.Final/netty-codec-4.1.45.Final.jar:/home/user0/.m2/repository/io/netty/netty-transport-native-epoll/4.1.45.Final/netty-transport-native-epoll-4.1.45.Final.jar:/home/user0/.m2/repository/io/netty/netty-transport-native-unix-common/4.1.45.Final/netty-transport-native-unix-common-4.1.45.Final.jar:/home/user0/.m2/repository/org/apache/htrace/htrace-core4/4.2.0-incubating/htrace-core4-4.2.0-incubating.jar:/home/user0/.m2/repository/org/jruby/jcodings/jcodings/1.0.55/jcodings-1.0.55.jar:/home/user0/.m2/repository/org/jruby/joni/joni/2.1.31/joni-2.1.31.jar:/home/user0/.m2/repository/io/dropwizard/metrics/metrics-core/3.2.6/metrics-core-3.2.6.jar:/home/user0/.m2/repository/org/apache/commons/commons-crypto/1.0.0/commons-crypto-1.0.0.jar:/home/user0/.m2/repository/org/apache/hadoop/hadoop-auth/2.10.0/hadoop-auth-2.10.0.jar:/home/user0/.m2/repository/org/apache/httpcomponents/httpclient/4.5.2/httpclient-4.5.2.jar:/home/user0/.m2/repository/org/apache/httpcomponents/httpcore/4.4.4/httpcore-4.4.4.jar:/home/user0/.m2/repository/com/nimbusds/nimbus-jose-jwt/4.41.1/nimbus-jose-jwt-4.41.1.jar:/home/user0/.m2/repository/com/github/stephenc/jcip/jcip-annotations/1.0-1/jcip-annotations-1.0-1.jar:/home/user0/.m2/repository/org/apache/directory/server/apacheds-kerberos-codec/2.0.0-M15/apacheds-kerberos-codec-2.0.0-M15.jar:/home/user0/.m2/repository/org/apache/directory/server/apacheds-i18n/2.0.0-M15/apacheds-i18n-2.0.0-M15.jar:/home/user0/.m2/repository/org/apache/directory/api/api-asn1-api/1.0.0-M20/api-asn1-api-1.0.0-M20.jar:/home/user0/.m2/repository/org/apache/directory/api/api-util/1.0.0-M20/api-util-1.0.0-M20.jar:/home/user0/.m2/repository/org/apache/curator/curator-framework/2.7.1/curator-framework-2.7.1.jar:/home/user0/.m2/repository/org/apache/hadoop/hadoop-common/2.10.0/hadoop-common-2.10.0.jar:/home/user0/.m2/repository/org/apache/hadoop/hadoop-annotations/2.10.0/hadoop-annotations-2.10.0.jar:/home/user0/.m2/repository/com/google/guava/guava/11.0.2/guava-11.0.2.jar:/home/user0/.m2/repository/commons-cli/commons-cli/1.2/commons-cli-1.2.jar:/home/user0/.m2/repository/org/apache/commons/commons-math3/3.1.1/commons-math3-3.1.1.jar:/home/user0/.m2/repository/xmlenc/xmlenc/0.52/xmlenc-0.52.jar:/home/user0/.m2/repository/commons-net/commons-net/3.1/commons-net-3.1.jar:/home/user0/.m2/repository/commons-collections/commons-collections/3.2.2/commons-collections-3.2.2.jar:/home/user0/.m2/repository/org/mortbay/jetty/jetty-sslengine/6.1.26/jetty-sslengine-6.1.26.jar:/home/user0/.m2/repository/commons-logging/commons-logging/1.1.3/commons-logging-1.1.3.jar:/home/user0/.m2/repository/log4j/log4j/1.2.17/log4j-1.2.17.jar:/home/user0/.m2/repository/commons-lang/commons-lang/2.6/commons-lang-2.6.jar:/home/user0/.m2/repository/commons-configuration/commons-configuration/1.6/commons-configuration-1.6.jar:/home/user0/.m2/repository/commons-digester/commons-digester/1.8/commons-digester-1.8.jar:/home/user0/.m2/repository/commons-beanutils/commons-beanutils/1.9.4/commons-beanutils-1.9.4.jar:/home/user0/.m2/repository/org/slf4j/slf4j-log4j12/1.7.25/slf4j-log4j12-1.7.25.jar:/home/user0/.m2/repository/org/codehaus/jackson/jackson-core-asl/1.9.13/jackson-core-asl-1.9.13.jar:/home/user0/.m2/repository/org/codehaus/jackson/jackson-mapper-asl/1.9.13/jackson-mapper-asl-1.9.13.jar:/home/user0/.m2/repository/org/apache/avro/avro/1.7.7/avro-1.7.7.jar:/home/user0/.m2/repository/com/thoughtworks/paranamer/paranamer/2.3/paranamer-2.3.jar:/home/user0/.m2/repository/org/xerial/snappy/snappy-java/1.0.5/snappy-java-1.0.5.jar:/home/user0/.m2/repository/com/google/code/gson/gson/2.2.4/gson-2.2.4.jar:/home/user0/.m2/repository/com/jcraft/jsch/0.1.54/jsch-0.1.54.jar:/home/user0/.m2/repository/org/apache/curator/curator-client/2.7.1/curator-client-2.7.1.jar:/home/user0/.m2/repository/org/apache/curator/curator-recipes/2.7.1/curator-recipes-2.7.1.jar:/home/user0/.m2/repository/com/google/code/findbugs/jsr305/3.0.0/jsr305-3.0.0.jar:/home/user0/.m2/repository/org/apache/commons/commons-compress/1.19/commons-compress-1.19.jar:/home/user0/.m2/repository/org/codehaus/woodstox/stax2-api/3.1.4/stax2-api-3.1.4.jar:/home/user0/.m2/repository/com/fasterxml/woodstox/woodstox-core/5.0.3/woodstox-core-5.0.3.jar:/home/user0/.m2/repository/org/apache/yetus/audience-annotations/0.5.0/audience-annotations-0.5.0.jar:/home/user0/.m2/repository/junit/junit/4.11/junit-4.11.jar:/home/user0/.m2/repository/org/hamcrest/hamcrest-core/1.3/hamcrest-core-1.3.jar:"/>
    <property name="sun.cpu.endian" value="little"/>
    <property name="user.home" value="/home/user0"/>
    <property name="user.language" value="en"/>
    <property name="java.specification.vendor" value="Oracle Corporation"/>
    <property name="java.version.date" value="2022-08-18"/>
    <property name="java.home" value="/usr/local/java/jdk-18.0.2.1"/>
    <property name="file.separator" value="/"/>
    <property name="basedir" value="/home/user0/Documents/CNAM_hbase/hbase"/>
    <property name="java.vm.compressedOopsMode" value="32-bit"/>
    <property name="line.separator" value="&#10;"/>
    <property name="java.vm.specification.vendor" value="Oracle Corporation"/>
    <property name="java.specification.name" value="Java Platform API Specification"/>
    <property name="surefire.real.class.path" value="/home/user0/Documents/CNAM_hbase/hbase/target/surefire/surefirebooter5694206474465791844.jar"/>
    <property name="sun.management.compiler" value="HotSpot 64-Bit Tiered Compilers"/>
    <property name="java.runtime.version" value="18.0.2.1+1-1"/>
    <property name="user.name" value="user0"/>
    <property name="path.separator" value=":"/>
    <property name="os.version" value="5.4.0-124-generic"/>
    <property name="java.runtime.name" value="OpenJDK Runtime Environment"/>
    <property name="file.encoding" value="UTF-8"/>
    <property name="java.vm.name" value="OpenJDK 64-Bit Server VM"/>
    <property name="localRepository" value="/home/user0/.m2/repository"/>
    <property name="java.vendor.url.bug" value="https://bugreport.java.com/bugreport/"/>
    <property name="java.io.tmpdir" value="/tmp"/>
    <property name="java.version" value="18.0.2.1"/>
    <property name="user.dir" value="/home/user0/Documents/CNAM_hbase/hbase"/>
    <property name="os.arch" value="amd64"/>
    <property name="java.vm.specification.name" value="Java Virtual Machine Specification"/>
    <property name="native.encoding" value="UTF-8"/>
    <property name="java.library.path" value="/usr/java/packages/lib:/usr/lib64:/lib64:/lib:/usr/lib"/>
    <property name="java.vm.info" value="mixed mode, sharing"/>
    <property name="java.vendor" value="Oracle Corporation"/>
    <property name="java.vm.version" value="18.0.2.1+1-1"/>
    <property name="sun.io.unicode.encoding" value="UnicodeLittle"/>
    <property name="java.class.version" value="62.0"/>
  </properties>
  <testcase name="shouldAnswerWithTrue" classname="hbase.AppTest" time="0.004"/>
</testsuite>